<?xml version="1.0" encoding="UTF-8"?>
<testsuite xmlns:xsi="http://www.w3.org/2001/XMLSchema-instance" xsi:schemaLocation="https://maven.apache.org/surefire/maven-surefire-plugin/xsd/surefire-test-report.xsd" name="TestSuite" time="140.897" tests="3" errors="0" skipped="0" failures="0">
  <properties>
[...]
</properties>
  <testcase name="verifyLive" classname="com.morningstar.OnDemand.Flow.Test.OnDemandLoginTest" time="66.619"/>
  <testcase name="verifyUAT" classname="com.morningstar.OnDemand.Flow.Test.OnDemandLoginTest" time="69.361"/>
  <testcase name="validateUATwithLIVE" classname="com.morningstar.OnDemand.Flow.Test.OnDemandLoginTest" time="0.018"/>
</testsuite>