<?xml version="1.0" encoding="UTF-8"?>
<!-- Generated by org.testng.reporters.JUnitXMLReporter -->
<testsuite hostname="IN-8Y3NX52" name="Default test" tests="3" failures="0" timestamp="4 May 2017 09:41:47 GMT" time="2531.859" errors="0">
  <testcase name="verifyLive" time="2498.474" classname="com.morningstar.OnDemand.Flow.Test.OnDemandLoginTest"/>
  <testcase name="verifyUAT" time="29.138" classname="com.morningstar.OnDemand.Flow.Test.OnDemandLoginTest"/>
  <testcase name="validateUATwithLIVE" time="0.02" classname="com.morningstar.OnDemand.Flow.Test.OnDemandLoginTest"/>
</testsuite> <!-- Default test -->
